2024-04-10 08:03:48,250 - INFO - Starting API...
2024-04-10 08:03:59,931 - INFO - {'url': '/docs', 'metodo usado': 'GET', 'o que foi foi feito': 'Pegando os produtos da adega', 'valor': 10, 'status': 'Código 200 (Funcionou a aquisiçăo) '}
2024-04-10 08:04:00,071 - INFO - {'url': '/openapi.json', 'metodo usado': 'GET', 'o que foi foi feito': 'Pegando os produtos da adega', 'valor': 10, 'status': 'Código 200 (Funcionou a aquisiçăo) '}
2024-04-10 08:04:29,213 - INFO - Starting API...
2024-04-10 08:04:30,792 - INFO - Starting API...
2024-04-10 08:04:38,771 - INFO - Starting API...
2024-04-10 08:04:50,733 - INFO - {'url': '/docs', 'metodo usado': 'GET', 'o que foi foi feito': 'Pegando os produtos da adega', 'status': 'Código 200 (Funcionou a aquisiçăo) '}
2024-04-10 08:04:50,861 - INFO - {'url': '/openapi.json', 'metodo usado': 'GET', 'o que foi foi feito': 'Pegando os produtos da adega', 'status': 'Código 200 (Funcionou a aquisiçăo) '}
2024-04-10 08:05:14,724 - INFO - Starting API...
2024-04-10 08:05:17,440 - INFO - Starting API...
2024-04-10 08:05:26,621 - INFO - Starting API...
2024-04-10 08:05:30,396 - INFO - Starting API...
2024-04-10 08:05:32,154 - INFO - Starting API...
2024-04-10 08:05:33,661 - INFO - Starting API...
2024-04-10 08:05:40,066 - INFO - Starting API...
2024-04-10 08:06:42,431 - INFO - {'url': '/docs', 'metodo usado': 'GET', 'o que foi foi feito': 'Pegando os produtos da adega', 'status': 'Código 200 (Funcionou a aquisicao)'}
2024-04-10 08:06:42,567 - INFO - {'url': '/openapi.json', 'metodo usado': 'GET', 'o que foi foi feito': 'Pegando os produtos da adega', 'status': 'Código 200 (Funcionou a aquisicao)'}
2024-04-10 08:06:59,400 - INFO - Starting API...
2024-04-10 08:07:03,372 - INFO - {'url': '/docs', 'metodo usado': 'GET', 'o que foi foi feito': 'Pegando os produtos da adega', 'status': 'Codigo 200 (Funcionou a aquisicao)'}
2024-04-10 08:07:03,499 - INFO - {'url': '/openapi.json', 'metodo usado': 'GET', 'o que foi foi feito': 'Pegando os produtos da adega', 'status': 'Codigo 200 (Funcionou a aquisicao)'}
2024-04-10 08:07:14,454 - INFO - {'url': '/produtos', 'metodo usado': 'GET', 'o que foi foi feito': 'Pegando os produtos da adega', 'status': 'Codigo 200 (Funcionou a aquisicao)'}
2024-04-10 08:07:29,009 - INFO - {'url': '/produtos/2', 'metodo usado': 'GET', 'o que foi foi feito': 'Pegando os produtos da adega', 'status': 'Codigo 200 (Funcionou a aquisicao)'}
2024-04-10 08:08:03,498 - INFO - Starting API...
2024-04-10 08:08:05,104 - INFO - Starting API...
2024-04-10 08:08:09,319 - INFO - {'url': '/docs', 'metodo usado': 'GET', 'o que foi foi feito': '', 'status': 'Codigo 200 (Funcionou a aquisicao)'}
2024-04-10 08:08:09,447 - INFO - {'url': '/openapi.json', 'metodo usado': 'GET', 'o que foi foi feito': '', 'status': 'Codigo 200 (Funcionou a aquisicao)'}
2024-04-10 08:08:17,978 - INFO - {'url': '/produtos', 'metodo usado': 'GET', 'o que foi foi feito': '', 'status': 'Codigo 200 (Funcionou a aquisicao)'}
2024-04-10 08:08:29,444 - INFO - {'url': '/produtos/2', 'metodo usado': 'GET', 'o que foi foi feito': '', 'status': 'Codigo 200 (Funcionou a aquisicao)'}
2024-04-10 08:08:39,864 - INFO - Starting API...
2024-04-10 08:08:41,449 - INFO - Starting API...
2024-04-10 08:08:45,075 - INFO - {'url': '/docs', 'metodo usado': 'GET', 'o que foi foi feito': '', 'status': 'Codigo 200 (Funcionou a aquisicao)'}
2024-04-10 08:08:45,198 - INFO - {'url': '/openapi.json', 'metodo usado': 'GET', 'o que foi foi feito': '', 'status': 'Codigo 200 (Funcionou a aquisicao)'}
2024-04-10 08:08:50,694 - INFO - {'url': '/produtos', 'metodo usado': 'GET', 'o que foi foi feito': '', 'status': 'Codigo 200 (Funcionou a aquisicao)'}
2024-04-10 08:08:59,714 - INFO - {'url': '/produtos/2', 'metodo usado': 'GET', 'o que foi foi feito': '', 'status': 'Codigo 200 (Funcionou a aquisicao)'}
2024-04-10 08:09:16,577 - INFO - {'url': '/produtos/adicionar', 'metodo usado': 'POST', 'o que foi foi feito': '{\n  "nome": "vdd2w",\n  "tipo": "wdsa",\n  "valor": 02,\n  "quantidade": 20,\n  "tamanho": "asdasd",\n  "data_validade": "asdasd",\n  "data_cadastro": "asdasd"\n}', 'status': 'Codigo 200 (Funcionou a aquisicao)'}
2024-04-10 08:10:27,446 - INFO - Starting API...
2024-04-10 08:10:33,891 - INFO - Starting API...
2024-04-10 08:10:41,368 - INFO - Starting API...
2024-04-10 08:10:45,556 - INFO - {'url': '/docs', 'metodo usado': 'GET', 'o que foi foi feito': '', 'status': 'Codigo 200 (Funcionou a aquisicao)'}
2024-04-10 08:10:45,686 - INFO - {'url': '/openapi.json', 'metodo usado': 'GET', 'o que foi foi feito': '', 'status': 'Codigo 200 (Funcionou a aquisicao)'}
2024-04-10 08:11:00,619 - INFO - {'url': '/produtos/adicionar', 'metodo usado': 'POST', 'o que foi foi feito': '{\n  "nome": "asdasd",\n  "tipo": "asdasd",\n  "valor": 02,\n  "quantidade": 20,\n  "tamanho": "asdws",\n  "data_validade": "asdws",\n  "data_cadastro": "asdwsaw"\n}', 'status': 'Codigo 200 (Funcionou a aquisicao)'}
2024-04-10 08:11:28,825 - INFO - {'url': '/produtos/adicionar', 'metodo usado': 'POST', 'o que foi foi feito': '{\n  "nome": "asdasd",\n  "tipo": "asdasd",\n  "valor": 02,\n  "quantidade": 20,\n  "tamanho": "asdws",\n  "data_validade": "asdws",\n  "data_cadastro": "asdwsaw"\n}', 'status': 'Codigo 200 (Funcionou a aquisicao)'}
2024-04-10 08:13:46,269 - INFO - Starting API...
2024-04-10 08:13:54,576 - INFO - Starting API...
2024-04-10 08:14:09,344 - INFO - Starting API...
2024-04-10 08:14:17,503 - INFO - Starting API...
2024-04-10 08:14:20,594 - INFO - Starting API...
2024-04-10 08:14:27,604 - INFO - Starting API...
2024-04-10 08:14:33,780 - INFO - {'url': '/docs', 'metodo usado': 'GET', 'o que foi foi feito': 'Pegando os produtos da adega', 'status': 'Codigo 200 (Funcionou a aquisicao)'}
2024-04-10 08:14:33,900 - INFO - {'url': '/openapi.json', 'metodo usado': 'GET', 'o que foi foi feito': 'Pegando os produtos da adega', 'status': 'Codigo 200 (Funcionou a aquisicao)'}
2024-04-10 08:14:57,101 - INFO - {'url': '/produtos/adicionar', 'metodo usado': 'POST', 'o que foi foi feito': '{\n  "nome": "asdasdasd",\n  "tipo": "asdasdasd",\n  "valor": 02,\n  "quantidade": 20,\n  "tamanho": "asdasd",\n  "data_validade": "awdsa",\n  "data_cadastro": "awdsa"\n}', 'status': 'Codigo 200 (Funcionou a aquisicao)'}
2024-04-10 08:15:19,078 - INFO - Starting API...
2024-04-10 08:15:21,516 - INFO - {'url': '/docs', 'metodo usado': 'GET', 'o que foi foi feito': 'Pegando os produtos da adega', 'status': 'Erro nao cadastrado, mas deu erro'}
2024-04-10 08:15:21,647 - INFO - {'url': '/openapi.json', 'metodo usado': 'GET', 'o que foi foi feito': 'Pegando os produtos da adega', 'status': 'Erro nao cadastrado, mas deu erro'}
2024-04-10 08:15:35,576 - INFO - {'url': '/produtos/adicionar', 'metodo usado': 'POST', 'o que foi foi feito': '{\n  "nome": "asdasdawd",\n  "tipo": "asdwasd",\n  "valor": 02,\n  "quantidade": 20,\n  "tamanho": "asdawsdaw",\n  "data_validade": "asdawasd",\n  "data_cadastro": "asdawsdaw"\n}', 'status': 'Erro nao cadastrado, mas deu erro'}
2024-04-10 08:18:50,196 - INFO - Starting API...
2024-04-10 08:18:57,378 - INFO - Starting API...
2024-04-10 08:19:09,361 - INFO - Starting API...
2024-04-10 08:19:12,714 - INFO - Starting API...
2024-04-10 08:19:16,127 - INFO - Starting API...
2024-04-10 08:20:00,337 - INFO - Starting API...
2024-04-10 08:20:08,126 - INFO - Starting API...
2024-04-10 08:20:41,090 - INFO - Starting API...
2024-04-10 08:20:49,265 - INFO - Starting API...
2024-04-10 08:24:36,658 - INFO - Starting API...
2024-04-10 08:24:38,425 - INFO - Starting API...
2024-04-10 08:24:45,858 - INFO - Starting API...
2024-04-10 08:24:49,546 - INFO - Starting API...
2024-04-10 08:25:10,880 - INFO - Starting API...
2024-04-10 08:25:23,037 - INFO - Starting API...
2024-04-10 08:25:28,323 - INFO - Starting API...
2024-04-10 08:25:55,039 - INFO - {'url': '/docs', 'metodo usado': 'GET', 'o que foi foi feito': 'Pegando os produtos da adega', 'status': 'Codigo 200 (Funcionou a aquisicao)'}
2024-04-10 08:25:55,151 - INFO - {'url': '/openapi.json', 'metodo usado': 'GET', 'o que foi foi feito': 'Pegando os produtos da adega', 'status': 'Codigo 200 (Funcionou a aquisicao)'}
2024-04-10 08:26:09,797 - INFO - {'url': '/produtos/adicionar', 'metodo usado': 'POST', 'o que foi foi feito': '{\n  "nome": "asdawdsad",\n  "tipo": "awdasdawd",\n  "valor": 02,\n  "quantidade": 20,\n  "tamanho": "asdawdsa",\n  "data_validade": "awdasdaw",\n  "data_cadastro": "asdawdasd"\n}', 'status': 'Codigo 200 (Funcionou a aquisicao)'}
2024-04-10 08:26:49,710 - INFO - Starting API...
2024-04-10 08:29:52,973 - INFO - Starting API...
2024-04-10 08:29:56,609 - INFO - Starting API...
2024-04-10 08:29:58,548 - INFO - Starting API...
2024-04-10 08:30:18,417 - INFO - {'url': '/docs', 'metodo usado': 'GET', 'o que foi foi feito': 'Pegando os produtos da adega', 'status': 'Erro nao cadastrado, mas deu erro'}
2024-04-10 08:30:18,539 - INFO - {'url': '/openapi.json', 'metodo usado': 'GET', 'o que foi foi feito': 'Pegando os produtos da adega', 'status': 'Erro nao cadastrado, mas deu erro'}
2024-04-10 08:31:21,811 - INFO - Starting API...
2024-04-10 08:31:23,445 - INFO - Starting API...
2024-04-10 08:31:27,761 - INFO - {'url': '/docs', 'metodo usado': 'GET', 'o que foi foi feito': 'Pegando os produtos da adega', 'status': 'Codigo 200 (Funcionou a aquisicao)'}
2024-04-10 08:31:27,876 - INFO - {'url': '/openapi.json', 'metodo usado': 'GET', 'o que foi foi feito': 'Pegando os produtos da adega', 'status': 'Codigo 200 (Funcionou a aquisicao)'}
2024-04-10 08:32:07,782 - INFO - {'url': '/produtos/delete/1', 'metodo usado': 'DELETE', 'o que foi foi feito': 'Pegando os produtos da adega', 'status': 'Codigo 200 (Funcionou a aquisicao)'}
2024-04-10 08:34:25,641 - INFO - {'url': '/usuarios', 'metodo usado': 'GET', 'o que foi foi feito': 'Pegando os produtos da adega', 'status': 'Codigo 200 (Funcionou a aquisicao)'}
2024-04-10 08:34:54,299 - INFO - Starting API...
2024-04-10 08:34:58,228 - INFO - Starting API...
2024-04-10 08:35:25,483 - INFO - {'url': '/docs', 'metodo usado': 'GET', 'o que foi foi feito': '', 'status': 'Codigo 200 (Funcionou a aquisicao)'}
2024-04-10 08:35:25,601 - INFO - {'url': '/openapi.json', 'metodo usado': 'GET', 'o que foi foi feito': '', 'status': 'Codigo 200 (Funcionou a aquisicao)'}
2024-04-10 08:35:28,337 - INFO - {'url': '/usuarios', 'metodo usado': 'GET', 'o que foi foi feito': '', 'status': 'Codigo 200 (Funcionou a aquisicao)'}
2024-04-10 08:36:06,738 - INFO - {'url': '/produtos/atualizar/2', 'metodo usado': 'PUT', 'o que foi foi feito': '{\n  "nome": "skol",\n  "tipo": "alcool",\n  "valor": 10,\n  "quantidade": 20,\n  "tamanho": "sein",\n  "data_validade": "valida",\n  "data_cadastro": "valida"\n}', 'status': 'Codigo 200 (Funcionou a aquisicao)'}
2024-04-10 08:36:32,172 - INFO - Starting API...
2024-04-10 08:36:39,779 - INFO - Starting API...
2024-04-10 08:36:41,334 - INFO - Starting API...
2024-04-10 08:36:51,064 - INFO - Starting API...
2024-04-10 08:36:55,595 - INFO - Starting API...
2024-04-10 08:37:03,546 - INFO - {'url': '/docs', 'metodo usado': 'GET', 'o que foi foi feito': 'Pegando os produtos, ou deletando algo', 'status': 'Codigo 200 (Funcionou a aquisicao)'}
2024-04-10 08:37:03,685 - INFO - {'url': '/openapi.json', 'metodo usado': 'GET', 'o que foi foi feito': 'Pegando os produtos, ou deletando algo', 'status': 'Codigo 200 (Funcionou a aquisicao)'}
2024-04-10 08:37:20,513 - INFO - {'url': '/produtos/delete/2', 'metodo usado': 'DELETE', 'o que foi foi feito': 'Pegando os produtos, ou deletando algo', 'status': 'Codigo 200 (Funcionou a aquisicao)'}
2024-04-10 08:37:49,527 - INFO - {'url': '/produtos/adicionar', 'metodo usado': 'POST', 'o que foi foi feito': '{\n  "nome": "skov",\n  "tipo": "alcool",\n  "valor": 10,\n  "quantidade": 20,\n  "tamanho": "litro",\n  "data_validade": "valido",\n  "data_cadastro": "valida"\n}', 'status': 'Codigo 200 (Funcionou a aquisicao)'}
2024-04-10 09:25:26,625 - INFO - Starting API...
2024-04-10 09:25:31,720 - INFO - {'url': '/docs', 'metodo usado': 'GET', 'o que foi foi feito': 'Pegando os produtos, ou deletando algo', 'status': 'Codigo 200 (Funcionou a aquisicao)'}
2024-04-10 09:25:31,860 - INFO - {'url': '/openapi.json', 'metodo usado': 'GET', 'o que foi foi feito': 'Pegando os produtos, ou deletando algo', 'status': 'Codigo 200 (Funcionou a aquisicao)'}
2024-04-10 09:25:39,447 - INFO - {'url': '/produtos', 'metodo usado': 'GET', 'o que foi foi feito': 'Pegando os produtos, ou deletando algo', 'status': 'Codigo 200 (Funcionou a aquisicao)'}
2024-04-10 09:25:51,537 - INFO - {'url': '/produtos/delete/3', 'metodo usado': 'DELETE', 'o que foi foi feito': 'Pegando os produtos, ou deletando algo', 'status': 'Codigo 200 (Funcionou a aquisicao)'}
2024-04-10 09:26:35,174 - INFO - {'url': '/produtos/adicionar', 'metodo usado': 'POST', 'o que foi foi feito': '{\n  "nome": "weste",\n  "tipo": "swdasd",\n  "valor": 20,\n  "quantidade": 10,\n  "tamanho": "swsdaw",\n  "data_validade": "sdaws",\n  "data_cadastro": "des"\n}', 'status': 'Codigo 200 (Funcionou a aquisicao)'}
